<?xml version="1.0" encoding="UTF-8"?>
<testsuite name="testrunner.LoginTestRunner" tests="3" skipped="0" failures="0" errors="0" timestamp="2024-01-06T14:56:05" hostname="DESKTOP-4FCA5OE" time="9.316">
  <properties/>
  <testcase name="doLoginWithWrongCred" classname="testrunner.LoginTestRunner" time="2.157"/>
  <testcase name="doLogin" classname="testrunner.LoginTestRunner" time="5.812"/>
  <testcase name="doLogout" classname="testrunner.LoginTestRunner" time="1.343"/>
  <system-out><![CDATA[]]></system-out>
  <system-err><![CDATA[]]></system-err>
</testsuite>
