<?xml version="1.0" encoding="UTF-8"?>
<testsuite name="testrunner.UserTestRunner" tests="1" skipped="0" failures="0" errors="0" timestamp="2024-01-10T17:36:18" hostname="DESKTOP-4FCA5OE" time="1.905">
  <properties/>
  <testcase name="doLogin" classname="testrunner.UserTestRunner" time="1.905"/>
  <system-out><![CDATA[]]></system-out>
  <system-err><![CDATA[]]></system-err>
</testsuite>
