<?xml version="1.0" encoding="UTF-8"?>
<testsuite name="testrunner.LoginTestRunner" tests="3" skipped="0" failures="0" errors="0" timestamp="2024-01-08T17:24:40" hostname="DESKTOP-4FCA5OE" time="8.834">
  <properties/>
  <testcase name="doLoginWithWrongCred" classname="testrunner.LoginTestRunner" time="1.972"/>
  <testcase name="doLogin" classname="testrunner.LoginTestRunner" time="5.636"/>
  <testcase name="doLogout" classname="testrunner.LoginTestRunner" time="1.177"/>
  <system-out><![CDATA[]]></system-out>
  <system-err><![CDATA[]]></system-err>
</testsuite>
