<?xml version="1.0" encoding="UTF-8"?>
<testsuite name="testrunner.LoginTestRunner" tests="2" skipped="0" failures="0" errors="0" timestamp="2024-01-10T17:35:40" hostname="DESKTOP-4FCA5OE" time="7.543">
  <properties/>
  <testcase name="doLogin" classname="testrunner.LoginTestRunner" time="6.335"/>
  <testcase name="doLogout" classname="testrunner.LoginTestRunner" time="1.19"/>
  <system-out><![CDATA[]]></system-out>
  <system-err><![CDATA[]]></system-err>
</testsuite>
